#
# There is insufficient memory for the Java Runtime Environment to continue.
# Native memory allocation (mmap) failed to map 145752064 bytes for committing reserved memory.
# Possible reasons:
#   The system is out of physical RAM or swap space
#   In 32 bit mode, the process size limit was hit
# Possible solutions:
#   Reduce memory load on the system
#   Increase physical memory or swap space
#   Check if swap backing store is full
#   Use 64 bit Java on a 64 bit OS
#   Decrease Java heap size (-Xmx/-Xms)
#   Decrease number of Java threads
#   Decrease Java thread stack sizes (-Xss)
#   Set larger code cache with -XX:ReservedCodeCacheSize=
# This output file may be truncated or incomplete.
#
#  Out of Memory Error (os_linux.cpp:2627), pid=5073, tid=0x00007fdb50180700
#
# JRE version: Java(TM) SE Runtime Environment (8.0_101-b13) (build 1.8.0_101-b13)
# Java VM: Java HotSpot(TM) 64-Bit Server VM (25.101-b13 mixed mode linux-amd64 compressed oops)
# Failed to write core dump. Core dumps have been disabled. To enable core dumping, try "ulimit -c unlimited" before starting Java again
#

---------------  T H R E A D  ---------------

Current thread (0x00007fdb4c073800):  VMThread [stack: 0x00007fdb50080000,0x00007fdb50181000] [id=5090]

Stack: [0x00007fdb50080000,0x00007fdb50181000],  sp=0x00007fdb5017f1a0,  free space=1020k
Native frames: (J=compiled Java code, j=interpreted, Vv=VM code, C=native code)
V  [libjvm.so+0xac3f0a]  VMError::report_and_die()+0x2ba
V  [libjvm.so+0x4fbf9b]  report_vm_out_of_memory(char const*, int, unsigned long, VMErrorType, char const*)+0x8b
V  [libjvm.so+0x9222d3]  os::Linux::commit_memory_impl(char*, unsigned long, bool)+0x103
V  [libjvm.so+0x922829]  os::pd_commit_memory(char*, unsigned long, unsigned long, bool)+0x29
V  [libjvm.so+0x91cb2a]  os::commit_memory(char*, unsigned long, unsigned long, bool)+0x2a
V  [libjvm.so+0x991053]  PSVirtualSpace::expand_by(unsigned long)+0x53
V  [libjvm.so+0x992458]  PSYoungGen::resize_generation(unsigned long, unsigned long)+0xf8
V  [libjvm.so+0x9915b2]  PSYoungGen::resize(unsigned long, unsigned long)+0x22
V  [libjvm.so+0x98e88b]  PSScavenge::invoke_no_policy()+0xf3b
V  [libjvm.so+0x98f011]  PSScavenge::invoke()+0x41
V  [libjvm.so+0x945fc0]  ParallelScavengeHeap::failed_mem_allocate(unsigned long)+0x70
V  [libjvm.so+0xac5927]  VM_ParallelGCFailedAllocation::doit()+0x97
V  [libjvm.so+0xacd405]  VM_Operation::evaluate()+0x55
V  [libjvm.so+0xacb7da]  VMThread::evaluate_operation(VM_Operation*)+0xba
V  [libjvm.so+0xacbb5e]  VMThread::loop()+0x1ce
V  [libjvm.so+0xacbfd0]  VMThread::run()+0x70
V  [libjvm.so+0x924698]  java_start(Thread*)+0x108

VM_Operation (0x00007fdb39f37be0): ParallelGCFailedAllocation, mode: safepoint, requested by thread 0x00007fdb4c14e800


---------------  P R O C E S S  ---------------

Java Threads: ( => current thread )
  0x00007fdb4c151000 JavaThread "pool-2-thread-1" [_thread_blocked, id=5108, stack(0x00007fdb39d38000,0x00007fdb39e39000)]
  0x00007fdb4c14e800 JavaThread "pool-1-thread-1" [_thread_blocked, id=5105, stack(0x00007fdb39e39000,0x00007fdb39f3a000)]
  0x00007fdb4c0ba000 JavaThread "Service Thread" daemon [_thread_blocked, id=5101, stack(0x00007fdb3a03b000,0x00007fdb3a13c000)]
  0x00007fdb4c0b7000 JavaThread "C1 CompilerThread1" daemon [_thread_blocked, id=5100, stack(0x00007fdb3a13c000,0x00007fdb3a23d000)]
  0x00007fdb4c0b4000 JavaThread "C2 CompilerThread0" daemon [_thread_blocked, id=5098, stack(0x00007fdb3a23d000,0x00007fdb3a33e000)]
  0x00007fdb4c0b2800 JavaThread "Signal Dispatcher" daemon [_thread_blocked, id=5096, stack(0x00007fdb3a33e000,0x00007fdb3a43f000)]
  0x00007fdb4c080000 JavaThread "Finalizer" daemon [_thread_blocked, id=5093, stack(0x00007fdb3adfe000,0x00007fdb3aeff000)]
  0x00007fdb4c07b800 JavaThread "Reference Handler" daemon [_thread_blocked, id=5091, stack(0x00007fdb3aeff000,0x00007fdb3b000000)]
  0x00007fdb4c00a000 JavaThread "main" [_thread_blocked, id=5084, stack(0x00007fdb54ee6000,0x00007fdb54fe7000)]

Other Threads:
=>0x00007fdb4c073800 VMThread [stack: 0x00007fdb50080000,0x00007fdb50181000] [id=5090]
  0x00007fdb4c0bc800 WatcherThread [stack: 0x00007fdb39f3a000,0x00007fdb3a03b000] [id=5103]

VM state:at safepoint (normal execution)

VM Mutex/Monitor currently owned by a thread:  ([mutex/lock_event])
[0x00007fdb4c006510] Threads_lock - owner thread: 0x00007fdb4c073800
[0x00007fdb4c006a10] Heap_lock - owner thread: 0x00007fdb4c14e800

Heap:
 PSYoungGen      total 139776K, used 14318K [0x00000000eab00000, 0x00000000f4300000, 0x0000000100000000)
  eden space 125440K, 0% used [0x00000000eab00000,0x00000000eab00000,0x00000000f2580000)
  from space 14336K, 99% used [0x00000000f2580000,0x00000000f337bb38,0x00000000f3380000)
  to   space 12800K, 0% used [0x00000000f3380000,0x00000000f3380000,0x00000000f4000000)
 ParOldGen       total 42496K, used 34676K [0x00000000c0000000, 0x00000000c2980000, 0x00000000eab00000)
  object space 42496K, 81% used [0x00000000c0000000,0x00000000c21dd148,0x00000000c2980000)
 Metaspace       used 6216K, capacity 7152K, committed 7296K, reserved 1056768K
  class space    used 601K, capacity 616K, committed 640K, reserved 1048576K

Card table byte_map: [0x00007fdb51a94000,0x00007fdb51c95000] byte_map_base: 0x00007fdb51494000

Marking Bits: (ParMarkBitMap*) 0x00007fdb543bd120
 Begin Bits: [0x00007fdb3b000000, 0x00007fdb3c000000)
 End Bits:   [0x00007fdb3c000000, 0x00007fdb3d000000)

Polling page: 0x00007fdb5500c000

CodeCache: size=245760Kb used=7107Kb max_used=7107Kb free=238652Kb
 bounds [0x00007fdb3d000000, 0x00007fdb3d700000, 0x00007fdb4c000000]
 total_blobs=2091 nmethods=1830 adapters=176
 compilation: enabled

Compilation events (10 events):
Event: 9.862 Thread 0x00007fdb4c0b7000 2118       2       com.android.dx.rop.annotation.AnnotationsList::get (9 bytes)
Event: 9.862 Thread 0x00007fdb4c0b7000 nmethod 2118 0x00007fdb3d6e0c90 code [0x00007fdb3d6e0e00, 0x00007fdb3d6e0fa8]
Event: 9.862 Thread 0x00007fdb4c0b7000 2119       2       com.android.dx.dex.file.AnnotationSetRefItem::<init> (26 bytes)
Event: 9.863 Thread 0x00007fdb4c0b7000 nmethod 2119 0x00007fdb3d6e07d0 code [0x00007fdb3d6e0940, 0x00007fdb3d6e0b98]
Event: 9.888 Thread 0x00007fdb4c0b7000 2120       1       com.android.dx.ssa.LiteralOpUpgrader$1::visitPhiInsn (1 bytes)
Event: 9.888 Thread 0x00007fdb4c0b7000 nmethod 2120 0x00007fdb3d6f1010 code [0x00007fdb3d6f1160, 0x00007fdb3d6f1270]
Event: 9.896 Thread 0x00007fdb4c0b7000 2121 %     3       com.android.dx.rop.type.StdTypeList::withFirst @ 25 (53 bytes)
Event: 9.897 Thread 0x00007fdb4c0b7000 nmethod 2121% 0x00007fdb3d6f12d0 code [0x00007fdb3d6f1560, 0x00007fdb3d6f2718]
Event: 9.897 Thread 0x00007fdb4c0b7000 2122       3       com.android.dx.rop.type.StdTypeList::withFirst (53 bytes)
Event: 9.899 Thread 0x00007fdb4c0b7000 nmethod 2122 0x00007fdb3d6f33d0 code [0x00007fdb3d6f3640, 0x00007fdb3d6f4738]

GC Heap History (10 events):
Event: 2.492 GC heap after
Heap after GC invocations=2 (full 0):
 PSYoungGen      total 34304K, used 2554K [0x00000000eab00000, 0x00000000ecf00000, 0x0000000100000000)
  eden space 31744K, 0% used [0x00000000eab00000,0x00000000eab00000,0x00000000eca00000)
  from space 2560K, 99% used [0x00000000ecc80000,0x00000000ecefeaa0,0x00000000ecf00000)
  to   space 2560K, 0% used [0x00000000eca00000,0x00000000eca00000,0x00000000ecc80000)
 ParOldGen       total 42496K, used 2501K [0x00000000c0000000, 0x00000000c2980000, 0x00000000eab00000)
  object space 42496K, 5% used [0x00000000c0000000,0x00000000c0271460,0x00000000c2980000)
 Metaspace       used 5583K, capacity 6704K, committed 6784K, reserved 1056768K
  class space    used 578K, capacity 616K, committed 640K, reserved 1048576K
}
Event: 3.504 GC heap before
{Heap before GC invocations=3 (full 0):
 PSYoungGen      total 34304K, used 34298K [0x00000000eab00000, 0x00000000ecf00000, 0x0000000100000000)
  eden space 31744K, 100% used [0x00000000eab00000,0x00000000eca00000,0x00000000eca00000)
  from space 2560K, 99% used [0x00000000ecc80000,0x00000000ecefeaa0,0x00000000ecf00000)
  to   space 2560K, 0% used [0x00000000eca00000,0x00000000eca00000,0x00000000ecc80000)
 ParOldGen       total 42496K, used 2501K [0x00000000c0000000, 0x00000000c2980000, 0x00000000eab00000)
  object space 42496K, 5% used [0x00000000c0000000,0x00000000c0271460,0x00000000c2980000)
 Metaspace       used 5781K, capacity 6896K, committed 7040K, reserved 1056768K
  class space    used 579K, capacity 616K, committed 640K, reserved 1048576K
Event: 3.608 GC heap after
Heap after GC invocations=3 (full 0):
 PSYoungGen      total 34304K, used 2549K [0x00000000eab00000, 0x00000000eee00000, 0x0000000100000000)
  eden space 31744K, 0% used [0x00000000eab00000,0x00000000eab00000,0x00000000eca00000)
  from space 2560K, 99% used [0x00000000eca00000,0x00000000ecc7d758,0x00000000ecc80000)
  to   space 2560K, 0% used [0x00000000eeb80000,0x00000000eeb80000,0x00000000eee00000)
 ParOldGen       total 42496K, used 7051K [0x00000000c0000000, 0x00000000c2980000, 0x00000000eab00000)
  object space 42496K, 16% used [0x00000000c0000000,0x00000000c06e2e50,0x00000000c2980000)
 Metaspace       used 5781K, capacity 6896K, committed 7040K, reserved 1056768K
  class space    used 579K, capacity 616K, committed 640K, reserved 1048576K
}
Event: 4.145 GC heap before
{Heap before GC invocations=4 (full 0):
 PSYoungGen      total 34304K, used 34293K [0x00000000eab00000, 0x00000000eee00000, 0x0000000100000000)
  eden space 31744K, 100% used [0x00000000eab00000,0x00000000eca00000,0x00000000eca00000)
  from space 2560K, 99% used [0x00000000eca00000,0x00000000ecc7d758,0x00000000ecc80000)
  to   space 2560K, 0% used [0x00000000eeb80000,0x00000000eeb80000,0x00000000eee00000)
 ParOldGen       total 42496K, used 7051K [0x00000000c0000000, 0x00000000c2980000, 0x00000000eab00000)
  object space 42496K, 16% used [0x00000000c0000000,0x00000000c06e2e50,0x00000000c2980000)
 Metaspace       used 5783K, capacity 6896K, committed 7040K, reserved 1056768K
  class space    used 579K, capacity 616K, committed 640K, reserved 1048576K
Event: 4.465 GC heap after
Heap after GC invocations=4 (full 0):
 PSYoungGen      total 66048K, used 2548K [0x00000000eab00000, 0x00000000eee00000, 0x0000000100000000)
  eden space 63488K, 0% used [0x00000000eab00000,0x00000000eab00000,0x00000000ee900000)
  from space 2560K, 99% used [0x00000000eeb80000,0x00000000eedfd048,0x00000000eee00000)
  to   space 2560K, 0% used [0x00000000ee900000,0x00000000ee900000,0x00000000eeb80000)
 ParOldGen       total 42496K, used 12093K [0x00000000c0000000, 0x00000000c2980000, 0x00000000eab00000)
  object space 42496K, 28% used [0x00000000c0000000,0x00000000c0bcf508,0x00000000c2980000)
 Metaspace       used 5783K, capacity 6896K, committed 7040K, reserved 1056768K
  class space    used 579K, capacity 616K, committed 640K, reserved 1048576K
}
Event: 5.874 GC heap before
{Heap before GC invocations=5 (full 0):
 PSYoungGen      total 66048K, used 66036K [0x00000000eab00000, 0x00000000eee00000, 0x0000000100000000)
  eden space 63488K, 100% used [0x00000000eab00000,0x00000000ee900000,0x00000000ee900000)
  from space 2560K, 99% used [0x00000000eeb80000,0x00000000eedfd048,0x00000000eee00000)
  to   space 2560K, 0% used [0x00000000ee900000,0x00000000ee900000,0x00000000eeb80000)
 ParOldGen       total 42496K, used 12093K [0x00000000c0000000, 0x00000000c2980000, 0x00000000eab00000)
  object space 42496K, 28% used [0x00000000c0000000,0x00000000c0bcf508,0x00000000c2980000)
 Metaspace       used 5853K, capacity 6960K, committed 7040K, reserved 1056768K
  class space    used 580K, capacity 616K, committed 640K, reserved 1048576K
Event: 6.034 GC heap after
Heap after GC invocations=5 (full 0):
 PSYoungGen      total 66048K, used 2530K [0x00000000eab00000, 0x00000000f4000000, 0x0000000100000000)
  eden space 63488K, 0% used [0x00000000eab00000,0x00000000eab00000,0x00000000ee900000)
  from space 2560K, 98% used [0x00000000ee900000,0x00000000eeb78a60,0x00000000eeb80000)
  to   space 12800K, 0% used [0x00000000f3380000,0x00000000f3380000,0x00000000f4000000)
 ParOldGen       total 42496K, used 21573K [0x00000000c0000000, 0x00000000c2980000, 0x00000000eab00000)
  object space 42496K, 50% used [0x00000000c0000000,0x00000000c1511570,0x00000000c2980000)
 Metaspace       used 5853K, capacity 6960K, committed 7040K, reserved 1056768K
  class space    used 580K, capacity 616K, committed 640K, reserved 1048576K
}
Event: 7.198 GC heap before
{Heap before GC invocations=6 (full 0):
 PSYoungGen      total 66048K, used 66018K [0x00000000eab00000, 0x00000000f4000000, 0x0000000100000000)
  eden space 63488K, 100% used [0x00000000eab00000,0x00000000ee900000,0x00000000ee900000)
  from space 2560K, 98% used [0x00000000ee900000,0x00000000eeb78a60,0x00000000eeb80000)
  to   space 12800K, 0% used [0x00000000f3380000,0x00000000f3380000,0x00000000f4000000)
 ParOldGen       total 42496K, used 21573K [0x00000000c0000000, 0x00000000c2980000, 0x00000000eab00000)
  object space 42496K, 50% used [0x00000000c0000000,0x00000000c1511570,0x00000000c2980000)
 Metaspace       used 6052K, capacity 7024K, committed 7296K, reserved 1056768K
  class space    used 599K, capacity 616K, committed 640K, reserved 1048576K
Event: 7.419 GC heap after
Heap after GC invocations=6 (full 0):
 PSYoungGen      total 138240K, used 10671K [0x00000000eab00000, 0x00000000f4300000, 0x0000000100000000)
  eden space 125440K, 0% used [0x00000000eab00000,0x00000000eab00000,0x00000000f2580000)
  from space 12800K, 83% used [0x00000000f3380000,0x00000000f3debd68,0x00000000f4000000)
  to   space 14336K, 0% used [0x00000000f2580000,0x00000000f2580000,0x00000000f3380000)
 ParOldGen       total 42496K, used 21581K [0x00000000c0000000, 0x00000000c2980000, 0x00000000eab00000)
  object space 42496K, 50% used [0x00000000c0000000,0x00000000c1513570,0x00000000c2980000)
 Metaspace       used 6052K, capacity 7024K, committed 7296K, reserved 1056768K
  class space    used 599K, capacity 616K, committed 640K, reserved 1048576K
}
Event: 10.888 GC heap before
{Heap before GC invocations=7 (full 0):
 PSYoungGen      total 138240K, used 136111K [0x00000000eab00000, 0x00000000f4300000, 0x0000000100000000)
  eden space 125440K, 100% used [0x00000000eab00000,0x00000000f2580000,0x00000000f2580000)
  from space 12800K, 83% used [0x00000000f3380000,0x00000000f3debd68,0x00000000f4000000)
  to   space 14336K, 0% used [0x00000000f2580000,0x00000000f2580000,0x00000000f3380000)
 ParOldGen       total 42496K, used 21581K [0x00000000c0000000, 0x00000000c2980000, 0x00000000eab00000)
  object space 42496K, 50% used [0x00000000c0000000,0x00000000c1513570,0x00000000c2980000)
 Metaspace       used 6216K, capacity 7152K, committed 7296K, reserved 1056768K
  class space    used 601K, capacity 616K, committed 640K, reserved 1048576K

Deoptimization events (10 events):
Event: 2.220 Thread 0x00007fdb4c153000 Uncommon trap: reason=bimorphic action=maybe_recompile pc=0x00007fdb3d23da24 method=java.util.HashMap.getNode(ILjava/lang/Object;)Ljava/util/HashMap$Node; @ 126
Event: 2.611 Thread 0x00007fdb4c14e800 Uncommon trap: reason=bimorphic action=maybe_recompile pc=0x00007fdb3d23da24 method=java.util.HashMap.getNode(ILjava/lang/Object;)Ljava/util/HashMap$Node; @ 126
Event: 3.097 Thread 0x00007fdb4c00a000 Uncommon trap: reason=bimorphic action=maybe_recompile pc=0x00007fdb3d23da24 method=java.util.HashMap.getNode(ILjava/lang/Object;)Ljava/util/HashMap$Node; @ 126
Event: 3.097 Thread 0x00007fdb4c00a000 Uncommon trap: reason=bimorphic action=maybe_recompile pc=0x00007fdb3d23da24 method=java.util.HashMap.getNode(ILjava/lang/Object;)Ljava/util/HashMap$Node; @ 126
Event: 3.387 Thread 0x00007fdb4c153000 Uncommon trap: reason=null_check action=make_not_entrant pc=0x00007fdb3d2c3fbc method=com.android.dx.ssa.SsaRenamer.getLocalForNewReg(I)Lcom/android/dx/rop/code/LocalItem; @ 19
Event: 3.455 Thread 0x00007fdb4c00a000 Uncommon trap: reason=unstable_if action=reinterpret pc=0x00007fdb3d1ac53c method=java.lang.String.<init>([CII)V @ 18
Event: 3.742 Thread 0x00007fdb4c00a000 Uncommon trap: reason=unstable_if action=reinterpret pc=0x00007fdb3d1f21d4 method=java.lang.String.<init>([CII)V @ 18
Event: 6.530 Thread 0x00007fdb4c155800 Uncommon trap: reason=unstable_if action=reinterpret pc=0x00007fdb3d349644 method=java.util.HashMap.putVal(ILjava/lang/Object;Ljava/lang/Object;ZZ)Ljava/lang/Object; @ 162
Event: 6.630 Thread 0x00007fdb4c00a000 Uncommon trap: reason=unstable_if action=reinterpret pc=0x00007fdb3d2d326c method=java.util.HashMap.getNode(ILjava/lang/Object;)Ljava/util/HashMap$Node; @ 84
Event: 8.987 Thread 0x00007fdb4c155800 Uncommon trap: reason=unstable_if action=reinterpret pc=0x00007fdb3d52184c method=com.android.dx.dex.code.OutputFinisher.hasLocalInfo(Lcom/android/dx/dex/code/DalvInsn;)Z @ 24

Internal exceptions (6 events):
Event: 0.456 Thread 0x00007fdb4c00a000 Exception <a 'java/lang/NoSuchMethodError': Method sun.misc.Unsafe.defineClass(Ljava/lang/String;[BII)Ljava/lang/Class; name or signature does not match> (0x00000000eab07cc0) thrown at [/HUDSON3/workspace/8-2-build-linux-amd64/jdk8u101/7261/hotspot/src/sh
Event: 0.456 Thread 0x00007fdb4c00a000 Exception <a 'java/lang/NoSuchMethodError': Method sun.misc.Unsafe.prefetchRead(Ljava/lang/Object;J)V name or signature does not match> (0x00000000eab07fa8) thrown at [/HUDSON3/workspace/8-2-build-linux-amd64/jdk8u101/7261/hotspot/src/share/vm/prims/jni.c
Event: 3.387 Thread 0x00007fdb4c153000 Implicit null exception at 0x00007fdb3d2c1b23 to 0x00007fdb3d2c3f99
Event: 6.559 Thread 0x00007fdb4c155800 Exception <a 'java/lang/ArrayIndexOutOfBoundsException': 18> (0x00000000ec9ad2b8) thrown at [/HUDSON3/workspace/8-2-build-linux-amd64/jdk8u101/7261/hotspot/src/share/vm/interpreter/interpreterRuntime.cpp, line 366]
Event: 6.559 Thread 0x00007fdb4c155800 Exception <a 'java/lang/ArrayIndexOutOfBoundsException': 145> (0x00000000ec9aee38) thrown at [/HUDSON3/workspace/8-2-build-linux-amd64/jdk8u101/7261/hotspot/src/share/vm/interpreter/interpreterRuntime.cpp, line 366]
Event: 6.569 Thread 0x00007fdb4c155800 Exception <a 'java/lang/ArrayIndexOutOfBoundsException': 40> (0x00000000ec9b0120) thrown at [/HUDSON3/workspace/8-2-build-linux-amd64/jdk8u101/7261/hotspot/src/share/vm/interpreter/interpreterRuntime.cpp, line 366]

Events (10 events):
Event: 9.844 Thread 0x00007fdb4c155800 DEOPT UNPACKING pc=0x00007fdb3d046f73 sp=0x00007fdb39b33cf0 mode 0
Event: 9.854 Thread 0x00007fdb4c155800 Thread exited: 0x00007fdb4c155800
Event: 9.856 Thread 0x00007fdb4c14e800 DEOPT PACKING pc=0x00007fdb3d50e22d sp=0x00007fdb39f380a0
Event: 9.857 Thread 0x00007fdb4c14e800 DEOPT UNPACKING pc=0x00007fdb3d046f73 sp=0x00007fdb39f37df8 mode 0
Event: 9.863 Thread 0x00007fdb4c153000 DEOPT PACKING pc=0x00007fdb3d51502c sp=0x00007fdb39d35e30
Event: 9.863 Thread 0x00007fdb4c153000 DEOPT UNPACKING pc=0x00007fdb3d046f73 sp=0x00007fdb39d35c18 mode 0
Event: 9.875 Thread 0x00007fdb4c153000 Thread exited: 0x00007fdb4c153000
Event: 9.899 Thread 0x00007fdb4c14e800 DEOPT PACKING pc=0x00007fdb3d361adb sp=0x00007fdb39f376f0
Event: 9.899 Thread 0x00007fdb4c14e800 DEOPT UNPACKING pc=0x00007fdb3d046f73 sp=0x00007fdb39f374b8 mode 0
Event: 10.773 Executing VM operation: ParallelGCFailedAllocation


Dynamic libraries:
00400000-00401000 r-xp 00000000 08:05 7881194                            /usr/lib/jvm/java-8-oracle/bin/java
00600000-00601000 rw-p 00000000 08:05 7881194                            /usr/lib/jvm/java-8-oracle/bin/java
0061a000-0063b000 rw-p 00000000 00:00 0                                  [heap]
c0000000-c2980000 rw-p 00000000 00:00 0 
c2980000-eab00000 ---p 00000000 00:00 0 
eab00000-f4300000 rw-p 00000000 00:00 0 
fce00000-100000000 ---p 00000000 00:00 0 
100000000-1000a0000 rw-p 00000000 00:00 0 
1000a0000-140000000 ---p 00000000 00:00 0 
7fdafc000000-7fdafc029000 rw-p 00000000 00:00 0 
7fdafc029000-7fdb00000000 ---p 00000000 00:00 0 
7fdb04000000-7fdb04021000 rw-p 00000000 00:00 0 
7fdb04021000-7fdb08000000 ---p 00000000 00:00 0 
7fdb08000000-7fdb08021000 rw-p 00000000 00:00 0 
7fdb08021000-7fdb0c000000 ---p 00000000 00:00 0 
7fdb0c000000-7fdb0c021000 rw-p 00000000 00:00 0 
7fdb0c021000-7fdb10000000 ---p 00000000 00:00 0 
7fdb10000000-7fdb1002b000 rw-p 00000000 00:00 0 
7fdb1002b000-7fdb14000000 ---p 00000000 00:00 0 
7fdb14000000-7fdb14643000 rw-p 00000000 00:00 0 
7fdb14643000-7fdb18000000 ---p 00000000 00:00 0 
7fdb18000000-7fdb18021000 rw-p 00000000 00:00 0 
7fdb18021000-7fdb1c000000 ---p 00000000 00:00 0 
7fdb1c000000-7fdb1c021000 rw-p 00000000 00:00 0 
7fdb1c021000-7fdb20000000 ---p 00000000 00:00 0 
7fdb20000000-7fdb2079a000 rw-p 00000000 00:00 0 
7fdb2079a000-7fdb24000000 ---p 00000000 00:00 0 
7fdb24000000-7fdb24021000 rw-p 00000000 00:00 0 
7fdb24021000-7fdb28000000 ---p 00000000 00:00 0 
7fdb28000000-7fdb28021000 rw-p 00000000 00:00 0 
7fdb28021000-7fdb2c000000 ---p 00000000 00:00 0 
7fdb2c000000-7fdb2c021000 rw-p 00000000 00:00 0 
7fdb2c021000-7fdb30000000 ---p 00000000 00:00 0 
7fdb30000000-7fdb3028e000 rw-p 00000000 00:00 0 
7fdb3028e000-7fdb34000000 ---p 00000000 00:00 0 
7fdb34000000-7fdb34021000 rw-p 00000000 00:00 0 
7fdb34021000-7fdb38000000 ---p 00000000 00:00 0 
7fdb39a35000-7fdb39a38000 ---p 00000000 00:00 0 
7fdb39a38000-7fdb39b36000 rw-p 00000000 00:00 0 
7fdb39b36000-7fdb39b39000 ---p 00000000 00:00 0 
7fdb39b39000-7fdb39c37000 rw-p 00000000 00:00 0 
7fdb39c37000-7fdb39c3a000 ---p 00000000 00:00 0 
7fdb39c3a000-7fdb39d38000 rw-p 00000000 00:00 0 
7fdb39d38000-7fdb39d3b000 ---p 00000000 00:00 0 
7fdb39d3b000-7fdb39e39000 rw-p 00000000 00:00 0 
7fdb39e39000-7fdb39e3c000 ---p 00000000 00:00 0 
7fdb39e3c000-7fdb39f3a000 rw-p 00000000 00:00 0 
7fdb39f3a000-7fdb39f3b000 ---p 00000000 00:00 0 
7fdb39f3b000-7fdb3a03b000 rw-p 00000000 00:00 0 
7fdb3a03b000-7fdb3a03e000 ---p 00000000 00:00 0 
7fdb3a03e000-7fdb3a13c000 rw-p 00000000 00:00 0 
7fdb3a13c000-7fdb3a13f000 ---p 00000000 00:00 0 
7fdb3a13f000-7fdb3a23d000 rw-p 00000000 00:00 0 
7fdb3a23d000-7fdb3a240000 ---p 00000000 00:00 0 
7fdb3a240000-7fdb3a33e000 rw-p 00000000 00:00 0 
7fdb3a33e000-7fdb3a341000 ---p 00000000 00:00 0 
7fdb3a341000-7fdb3a43f000 rw-p 00000000 00:00 0 
7fdb3a43f000-7fdb3adfe000 r--p 00000000 08:05 7740493                    /usr/lib/locale/locale-archive
7fdb3adfe000-7fdb3ae01000 ---p 00000000 00:00 0 
7fdb3ae01000-7fdb3aeff000 rw-p 00000000 00:00 0 
7fdb3aeff000-7fdb3af02000 ---p 00000000 00:00 0 
7fdb3af02000-7fdb3d000000 rw-p 00000000 00:00 0 
7fdb3d000000-7fdb3d700000 rwxp 00000000 00:00 0 
7fdb3d700000-7fdb4c000000 ---p 00000000 00:00 0 
7fdb4c000000-7fdb4c387000 rw-p 00000000 00:00 0 
7fdb4c387000-7fdb50000000 ---p 00000000 00:00 0 
7fdb50072000-7fdb50080000 r--s 000e0000 08:05 1588035                    /home/itadmin/Android/Sdk/build-tools/24.0.3/lib/dx.jar
7fdb50080000-7fdb50081000 ---p 00000000 00:00 0 
7fdb50081000-7fdb50aed000 rw-p 00000000 00:00 0 
7fdb50aed000-7fdb50cc6000 r--s 03d29000 08:05 7881270                    /usr/lib/jvm/java-8-oracle/jre/lib/rt.jar
7fdb50cc6000-7fdb513bc000 rw-p 00000000 00:00 0 
7fdb513bc000-7fdb5153c000 ---p 00000000 00:00 0 
7fdb5153c000-7fdb5173c000 rw-p 00000000 00:00 0 
7fdb5173c000-7fdb5173d000 ---p 00000000 00:00 0 
7fdb5173d000-7fdb5183d000 rw-p 00000000 00:00 0 
7fdb5183d000-7fdb5183e000 ---p 00000000 00:00 0 
7fdb5183e000-7fdb51953000 rw-p 00000000 00:00 0 
7fdb51953000-7fdb51a94000 ---p 00000000 00:00 0 
7fdb51a94000-7fdb51aa9000 rw-p 00000000 00:00 0 
7fdb51aa9000-7fdb51be9000 ---p 00000000 00:00 0 
7fdb51be9000-7fdb51c36000 rw-p 00000000 00:00 0 
7fdb51c36000-7fdb51c94000 ---p 00000000 00:00 0 
7fdb51c94000-7fdb51cb1000 rw-p 00000000 00:00 0 
7fdb51cb1000-7fdb52055000 ---p 00000000 00:00 0 
7fdb52055000-7fdb5206f000 r-xp 00000000 08:05 7881299                    /usr/lib/jvm/java-8-oracle/jre/lib/amd64/libzip.so
7fdb5206f000-7fdb5226f000 ---p 0001a000 08:05 7881299                    /usr/lib/jvm/java-8-oracle/jre/lib/amd64/libzip.so
7fdb5226f000-7fdb52270000 rw-p 0001a000 08:05 7881299                    /usr/lib/jvm/java-8-oracle/jre/lib/amd64/libzip.so
7fdb52270000-7fdb5227b000 r-xp 00000000 08:05 2101805                    /lib/x86_64-linux-gnu/libnss_files-2.23.so
7fdb5227b000-7fdb5247a000 ---p 0000b000 08:05 2101805                    /lib/x86_64-linux-gnu/libnss_files-2.23.so
7fdb5247a000-7fdb5247b000 r--p 0000a000 08:05 2101805                    /lib/x86_64-linux-gnu/libnss_files-2.23.so
7fdb5247b000-7fdb5247c000 rw-p 0000b000 08:05 2101805                    /lib/x86_64-linux-gnu/libnss_files-2.23.so
7fdb5247c000-7fdb52482000 rw-p 00000000 00:00 0 
7fdb52482000-7fdb5248d000 r-xp 00000000 08:05 2101815                    /lib/x86_64-linux-gnu/libnss_nis-2.23.so
7fdb5248d000-7fdb5268c000 ---p 0000b000 08:05 2101815                    /lib/x86_64-linux-gnu/libnss_nis-2.23.so
7fdb5268c000-7fdb5268d000 r--p 0000a000 08:05 2101815                    /lib/x86_64-linux-gnu/libnss_nis-2.23.so
7fdb5268d000-7fdb5268e000 rw-p 0000b000 08:05 2101815                    /lib/x86_64-linux-gnu/libnss_nis-2.23.so
7fdb5268e000-7fdb526a4000 r-xp 00000000 08:05 2101799                    /lib/x86_64-linux-gnu/libnsl-2.23.so
7fdb526a4000-7fdb528a3000 ---p 00016000 08:05 2101799                    /lib/x86_64-linux-gnu/libnsl-2.23.so
7fdb528a3000-7fdb528a4000 r--p 00015000 08:05 2101799                    /lib/x86_64-linux-gnu/libnsl-2.23.so
7fdb528a4000-7fdb528a5000 rw-p 00016000 08:05 2101799                    /lib/x86_64-linux-gnu/libnsl-2.23.so
7fdb528a5000-7fdb528a7000 rw-p 00000000 00:00 0 
7fdb528a7000-7fdb528af000 r-xp 00000000 08:05 2101801                    /lib/x86_64-linux-gnu/libnss_compat-2.23.so
7fdb528af000-7fdb52aae000 ---p 00008000 08:05 2101801                    /lib/x86_64-linux-gnu/libnss_compat-2.23.so
7fdb52aae000-7fdb52aaf000 r--p 00007000 08:05 2101801                    /lib/x86_64-linux-gnu/libnss_compat-2.23.so
7fdb52aaf000-7fdb52ab0000 rw-p 00008000 08:05 2101801                    /lib/x86_64-linux-gnu/libnss_compat-2.23.so
7fdb52ab0000-7fdb52ada000 r-xp 00000000 08:05 7881325                    /usr/lib/jvm/java-8-oracle/jre/lib/amd64/libjava.so
7fdb52ada000-7fdb52cda000 ---p 0002a000 08:05 7881325                    /usr/lib/jvm/java-8-oracle/jre/lib/amd64/libjava.so
7fdb52cda000-7fdb52cdc000 rw-p 0002a000 08:05 7881325                    /usr/lib/jvm/java-8-oracle/jre/lib/amd64/libjava.so
7fdb52cdc000-7fdb52ce9000 r-xp 00000000 08:05 7881279                    /usr/lib/jvm/java-8-oracle/jre/lib/amd64/libverify.so
7fdb52ce9000-7fdb52ee9000 ---p 0000d000 08:05 7881279                    /usr/lib/jvm/java-8-oracle/jre/lib/amd64/libverify.so
7fdb52ee9000-7fdb52eeb000 rw-p 0000d000 08:05 7881279                    /usr/lib/jvm/java-8-oracle/jre/lib/amd64/libverify.so
7fdb52eeb000-7fdb52ef2000 r-xp 00000000 08:05 2101860                    /lib/x86_64-linux-gnu/librt-2.23.so
7fdb52ef2000-7fdb530f1000 ---p 00007000 08:05 2101860                    /lib/x86_64-linux-gnu/librt-2.23.so
7fdb530f1000-7fdb530f2000 r--p 00006000 08:05 2101860                    /lib/x86_64-linux-gnu/librt-2.23.so
7fdb530f2000-7fdb530f3000 rw-p 00007000 08:05 2101860                    /lib/x86_64-linux-gnu/librt-2.23.so
7fdb530f3000-7fdb531fb000 r-xp 00000000 08:05 2101776                    /lib/x86_64-linux-gnu/libm-2.23.so
7fdb531fb000-7fdb533fa000 ---p 00108000 08:05 2101776                    /lib/x86_64-linux-gnu/libm-2.23.so
7fdb533fa000-7fdb533fb000 r--p 00107000 08:05 2101776                    /lib/x86_64-linux-gnu/libm-2.23.so
7fdb533fb000-7fdb533fc000 rw-p 00108000 08:05 2101776                    /lib/x86_64-linux-gnu/libm-2.23.so
7fdb533fc000-7fdb540c7000 r-xp 00000000 08:05 7881329                    /usr/lib/jvm/java-8-oracle/jre/lib/amd64/server/libjvm.so
7fdb540c7000-7fdb542c6000 ---p 00ccb000 08:05 7881329                    /usr/lib/jvm/java-8-oracle/jre/lib/amd64/server/libjvm.so
7fdb542c6000-7fdb5439f000 rw-p 00cca000 08:05 7881329                    /usr/lib/jvm/java-8-oracle/jre/lib/amd64/server/libjvm.so
7fdb5439f000-7fdb543ea000 rw-p 00000000 00:00 0 
7fdb543ea000-7fdb545aa000 r-xp 00000000 08:05 2101706                    /lib/x86_64-linux-gnu/libc-2.23.so
7fdb545aa000-7fdb547a9000 ---p 001c0000 08:05 2101706                    /lib/x86_64-linux-gnu/libc-2.23.so
7fdb547a9000-7fdb547ad000 r--p 001bf000 08:05 2101706                    /lib/x86_64-linux-gnu/libc-2.23.so
7fdb547ad000-7fdb547af000 rw-p 001c3000 08:05 2101706                    /lib/x86_64-linux-gnu/libc-2.23.so
7fdb547af000-7fdb547b3000 rw-p 00000000 00:00 0 
7fdb547b3000-7fdb547b6000 r-xp 00000000 08:05 2101730                    /lib/x86_64-linux-gnu/libdl-2.23.so
7fdb547b6000-7fdb549b5000 ---p 00003000 08:05 2101730                    /lib/x86_64-linux-gnu/libdl-2.23.so
7fdb549b5000-7fdb549b6000 r--p 00002000 08:05 2101730                    /lib/x86_64-linux-gnu/libdl-2.23.so
7fdb549b6000-7fdb549b7000 rw-p 00003000 08:05 2101730                    /lib/x86_64-linux-gnu/libdl-2.23.so
7fdb549b7000-7fdb549cc000 r-xp 00000000 08:05 7880275                    /usr/lib/jvm/java-8-oracle/lib/amd64/jli/libjli.so
7fdb549cc000-7fdb54bcc000 ---p 00015000 08:05 7880275                    /usr/lib/jvm/java-8-oracle/lib/amd64/jli/libjli.so
7fdb54bcc000-7fdb54bcd000 rw-p 00015000 08:05 7880275                    /usr/lib/jvm/java-8-oracle/lib/amd64/jli/libjli.so
7fdb54bcd000-7fdb54be5000 r-xp 00000000 08:05 2101852                    /lib/x86_64-linux-gnu/libpthread-2.23.so
7fdb54be5000-7fdb54de4000 ---p 00018000 08:05 2101852                    /lib/x86_64-linux-gnu/libpthread-2.23.so
7fdb54de4000-7fdb54de5000 r--p 00017000 08:05 2101852                    /lib/x86_64-linux-gnu/libpthread-2.23.so
7fdb54de5000-7fdb54de6000 rw-p 00018000 08:05 2101852                    /lib/x86_64-linux-gnu/libpthread-2.23.so
7fdb54de6000-7fdb54dea000 rw-p 00000000 00:00 0 
7fdb54dea000-7fdb54e10000 r-xp 00000000 08:05 2101678                    /lib/x86_64-linux-gnu/ld-2.23.so
7fdb54e14000-7fdb54ee6000 rw-p 00000000 00:00 0 
7fdb54ee6000-7fdb54ee9000 ---p 00000000 00:00 0 
7fdb54ee9000-7fdb54feb000 rw-p 00000000 00:00 0 
7fdb54fef000-7fdb55003000 rw-p 00000000 00:00 0 
7fdb55003000-7fdb5500b000 rw-s 00000000 08:05 6036630                    /tmp/hsperfdata_itadmin/5073
7fdb5500b000-7fdb5500c000 rw-p 00000000 00:00 0 
7fdb5500c000-7fdb5500d000 ---p 00000000 00:00 0 
7fdb5500d000-7fdb5500f000 rw-p 00000000 00:00 0 
7fdb5500f000-7fdb55010000 r--p 00025000 08:05 2101678                    /lib/x86_64-linux-gnu/ld-2.23.so
7fdb55010000-7fdb55011000 rw-p 00026000 08:05 2101678                    /lib/x86_64-linux-gnu/ld-2.23.so
7fdb55011000-7fdb55012000 rw-p 00000000 00:00 0 
7fff9d464000-7fff9d485000 rw-p 00000000 00:00 0                          [stack]
7fff9d508000-7fff9d50a000 r--p 00000000 00:00 0                          [vvar]
7fff9d50a000-7fff9d50c000 r-xp 00000000 00:00 0                          [vdso]
ffffffffff600000-ffffffffff601000 r-xp 00000000 00:00 0                  [vsyscall]

VM Arguments:
jvm_args: -Djava.awt.headless=true -Xmx1024M -Dfile.encoding=UTF-8 -Duser.country=ZA -Duser.language=en -Duser.variant 
java_command: com.android.dx.command.Main --dex --force-jumbo --num-threads=4 --output /home/itadmin/workspace/AndroidStudio/PrinterConfigMenues/app/build/intermediates/pre-dexed/debug/com.android.support-appcompat-v7-24.2.1_444ce4c429768774c354d86fdf723579b3c4058f.jar /home/itadmin/workspace/AndroidStudio/PrinterConfigMenues/app/build/intermediates/exploded-aar/com.android.support/appcompat-v7/24.2.1/jars/classes.jar
java_class_path (initial): /home/itadmin/Android/Sdk/build-tools/24.0.3/lib/dx.jar
Launcher Type: SUN_STANDARD

Environment Variables:
JAVA_HOME=/usr/lib/jvm/java-8-oracle
PATH=/usr/local/sbin:/usr/local/bin:/usr/sbin:/usr/bin:/sbin:/bin:/usr/games:/usr/local/games:/snap/bin:/usr/lib/jvm/java-8-oracle/bin:/usr/lib/jvm/java-8-oracle/db/bin:/usr/lib/jvm/java-8-oracle/jre/bin
SHELL=/bin/bash
DISPLAY=:0

Signal Handlers:
SIGSEGV: [libjvm.so+0xac4790], sa_mask[0]=11111111011111111101111111111110, sa_flags=SA_RESTART|SA_SIGINFO
SIGBUS: [libjvm.so+0xac4790], sa_mask[0]=11111111011111111101111111111110, sa_flags=SA_RESTART|SA_SIGINFO
SIGFPE: [libjvm.so+0x91f140], sa_mask[0]=11111111011111111101111111111110, sa_flags=SA_RESTART|SA_SIGINFO
SIGPIPE: [libjvm.so+0x91f140], sa_mask[0]=11111111011111111101111111111110, sa_flags=SA_RESTART|SA_SIGINFO
SIGXFSZ: [libjvm.so+0x91f140], sa_mask[0]=11111111011111111101111111111110, sa_flags=SA_RESTART|SA_SIGINFO
SIGILL: [libjvm.so+0x91f140], sa_mask[0]=11111111011111111101111111111110, sa_flags=SA_RESTART|SA_SIGINFO
SIGUSR1: SIG_DFL, sa_mask[0]=00000000000000000000000000000000, sa_flags=none
SIGUSR2: [libjvm.so+0x920770], sa_mask[0]=00100000000000000000000000000000, sa_flags=SA_RESTART|SA_SIGINFO
SIGHUP: [libjvm.so+0x921b70], sa_mask[0]=11111111011111111101111111111110, sa_flags=SA_RESTART|SA_SIGINFO
SIGINT: [libjvm.so+0x921b70], sa_mask[0]=11111111011111111101111111111110, sa_flags=SA_RESTART|SA_SIGINFO
SIGTERM: [libjvm.so+0x921b70], sa_mask[0]=11111111011111111101111111111110, sa_flags=SA_RESTART|SA_SIGINFO
SIGQUIT: [libjvm.so+0x921b70], sa_mask[0]=11111111011111111101111111111110, sa_flags=SA_RESTART|SA_SIGINFO


---------------  S Y S T E M  ---------------

OS:DISTRIB_ID=Ubuntu
DISTRIB_RELEASE=16.04
DISTRIB_CODENAME=xenial
DISTRIB_DESCRIPTION="Ubuntu 16.04.1 LTS"

uname:Linux 4.4.0-38-generic #57-Ubuntu SMP Tue Sep 6 15:42:33 UTC 2016 x86_64
libc:glibc 2.23 NPTL 2.23 
rlimit: STACK 8192k, CORE 0k, NPROC 15513, NOFILE 65536, AS infinity
load average:3.57 1.86 1.69

/proc/meminfo:
MemTotal:        4011192 kB
MemFree:          110252 kB
MemAvailable:      22568 kB
Buffers:             512 kB
Cached:           262780 kB
SwapCached:            0 kB
Active:          3490992 kB
Inactive:         238048 kB
Active(anon):    3480364 kB
Inactive(anon):   225200 kB
Active(file):      10628 kB
Inactive(file):    12848 kB
Unevictable:         144 kB
Mlocked:             144 kB
SwapTotal:             0 kB
SwapFree:              0 kB
Dirty:               240 kB
Writeback:             0 kB
AnonPages:       3466104 kB
Mapped:            60100 kB
Shmem:            239564 kB
Slab:              74008 kB
SReclaimable:      38348 kB
SUnreclaim:        35660 kB
KernelStack:       10976 kB
PageTables:        55260 kB
NFS_Unstable:          0 kB
Bounce:                0 kB
WritebackTmp:          0 kB
CommitLimit:     2005596 kB
Committed_AS:    8135428 kB
VmallocTotal:   34359738367 kB
VmallocUsed:           0 kB
VmallocChunk:          0 kB
HardwareCorrupted:     0 kB
AnonHugePages:   1296384 kB
CmaTotal:              0 kB
CmaFree:               0 kB
HugePages_Total:       0
HugePages_Free:        0
HugePages_Rsvd:        0
HugePages_Surp:        0
Hugepagesize:       2048 kB
DirectMap4k:      157248 kB
DirectMap2M:     4001792 kB


CPU:total 2 (2 cores per cpu, 1 threads per core) family 6 model 23 stepping 10, cmov, cx8, fxsr, mmx, sse, sse2, sse3, ssse3, tsc

/proc/cpuinfo:
processor	: 0
vendor_id	: GenuineIntel
cpu family	: 6
model		: 23
model name	: Pentium(R) Dual-Core  CPU      E5500  @ 2.80GHz
stepping	: 10
microcode	: 0xa0b
cpu MHz		: 2803.000
cache size	: 2048 KB
physical id	: 0
siblings	: 2
core id		: 0
cpu cores	: 2
apicid		: 0
initial apicid	: 0
fpu		: yes
fpu_exception	: yes
cpuid level	: 13
wp		: yes
flags		: fpu vme de pse tsc msr pae mce cx8 apic sep mtrr pge mca cmov pat pse36 clflush dts acpi mmx fxsr sse sse2 ss ht tm pbe syscall nx lm constant_tsc arch_perfmon pebs bts rep_good nopl aperfmperf pni dtes64 monitor ds_cpl vmx est tm2 ssse3 cx16 xtpr pdcm xsave lahf_lm tpr_shadow vnmi flexpriority dtherm
bugs		:
bogomips	: 5586.06
clflush size	: 64
cache_alignment	: 64
address sizes	: 36 bits physical, 48 bits virtual
power management:

processor	: 1
vendor_id	: GenuineIntel
cpu family	: 6
model		: 23
model name	: Pentium(R) Dual-Core  CPU      E5500  @ 2.80GHz
stepping	: 10
microcode	: 0xa0b
cpu MHz		: 2803.000
cache size	: 2048 KB
physical id	: 0
siblings	: 2
core id		: 1
cpu cores	: 2
apicid		: 1
initial apicid	: 1
fpu		: yes
fpu_exception	: yes
cpuid level	: 13
wp		: yes
flags		: fpu vme de pse tsc msr pae mce cx8 apic sep mtrr pge mca cmov pat pse36 clflush dts acpi mmx fxsr sse sse2 ss ht tm pbe syscall nx lm constant_tsc arch_perfmon pebs bts rep_good nopl aperfmperf pni dtes64 monitor ds_cpl vmx est tm2 ssse3 cx16 xtpr pdcm xsave lahf_lm tpr_shadow vnmi flexpriority dtherm
bugs		:
bogomips	: 5586.06
clflush size	: 64
cache_alignment	: 64
address sizes	: 36 bits physical, 48 bits virtual
power management:



Memory: 4k page, physical 4011192k(110252k free), swap 0k(0k free)

vm_info: Java HotSpot(TM) 64-Bit Server VM (25.101-b13) for linux-amd64 JRE (1.8.0_101-b13), built on Jun 22 2016 02:59:44 by "java_re" with gcc 4.3.0 20080428 (Red Hat 4.3.0-8)

time: Thu Oct  6 08:33:48 2016
elapsed time: 22 seconds (0d 0h 0m 22s)

